[debug] [2024-07-01T06:59:50.673Z] ----------------------------------------------------------------------
[debug] [2024-07-01T06:59:50.681Z] Command:       C:\Program Files\nodejs\node.exe C:\Users\Denisa\AppData\Roaming\npm\node_modules\firebase-tools\lib\bin\firebase.js login
[debug] [2024-07-01T06:59:50.682Z] CLI Version:   13.12.0
[debug] [2024-07-01T06:59:50.682Z] Platform:      win32
[debug] [2024-07-01T06:59:50.683Z] Node Version:  v20.12.0
[debug] [2024-07-01T06:59:50.683Z] Time:          Mon Jul 01 2024 09:59:50 GMT+0300 (Ora de vară a Europei de Est)
[debug] [2024-07-01T06:59:50.684Z] ----------------------------------------------------------------------
[debug] 
[info] i  Firebase optionally collects CLI and Emulator Suite usage and error reporting information to help improve our products. Data is collected in accordance with Google's privacy policy (https://policies.google.com/privacy) and is not used to identify you.
 
[info] i  To change your data collection preference at any time, run `firebase logout` and log in again. 
[info] 
[info] Visit this URL on this device to log in:
[info] https://accounts.google.com/o/oauth2/auth?client_id=563584335869-fgrhgmd47bqnekij5i8b5pr03ho849e6.apps.googleusercontent.com&scope=email%20openid%20https%3A%2F%2Fwww.googleapis.com%2Fauth%2Fcloudplatformprojects.readonly%20https%3A%2F%2Fwww.googleapis.com%2Fauth%2Ffirebase%20https%3A%2F%2Fwww.googleapis.com%2Fauth%2Fcloud-platform&response_type=code&state=375024275&redirect_uri=http%3A%2F%2Flocalhost%3A9005
[info] 
[info] Waiting for authentication...
[debug] [2024-07-01T06:59:53.723Z] Error: spawn cmd ENOENT
    at ChildProcess._handle.onexit (node:internal/child_process:286:19)
    at onErrorNT (node:internal/child_process:484:16)
    at process.processTicksAndRejections (node:internal/process/task_queues:82:21)
[error] 
[error] Error: An unexpected error has occurred.
